

Version:	3.9
CmdLine:	C:\Users\imade\OneDrive\Documents\pos\out\myapp.exe --l4j-debug
WOW64:		yes
Working dir:	C:\Users\imade\OneDrive\Documents\pos\out\.
Bundled JRE:	C:\Program Files\Java\jre1.8.0_172
Check launcher:	C:\Program Files\Java\jre1.8.0_172\bin\javaw.exe (OK)
Info:		Classpath not defined.
Launcher:	C:\Program Files\Java\jre1.8.0_172\bin\javaw.exe
Launcher args:	java --module-path "C:\Program Files\Java\javafx-sdk-17.0.16\lib" --add-modules javafx.controls,javafx.fxml -jar pos.jar -classpath "C:\Users\imade\OneDrive\Documents\pos\out\myapp.exe" com.example.App
Args length:	201/32768 chars
Exit code:	0


Version:	3.9
CmdLine:	C:\Users\imade\OneDrive\Documents\pos\out\myapp.exe --l4j-debug
WOW64:		yes
Working dir:	C:\Users\imade\OneDrive\Documents\pos\out\.
Bundled JRE:	C:\Program Files\Java\jre1.8.0_172
Check launcher:	C:\Program Files\Java\jre1.8.0_172\bin\javaw.exe (OK)
Launcher:	C:\Program Files\Java\jre1.8.0_172\bin\javaw.exe
Launcher args:	java --module-path "C:\Program Files\Java\javafx-sdk-17.0.16\lib" --add-modules javafx.controls,javafx.fxml -jar pos.jar -jar "C:\Users\imade\OneDrive\Documents\pos\out\myapp.exe"
Args length:	179/32768 chars
Exit code:	0


Version:	3.9
CmdLine:	C:\Users\imade\OneDrive\Documents\pos\out\myapp.exe --l4j-debug
WOW64:		yes
Working dir:	C:\Users\imade\OneDrive\Documents\pos\out\.
Bundled JRE:	C:\Program Files\Java\jre1.8.0_172
Check launcher:	C:\Program Files\Java\jre1.8.0_172\bin\javaw.exe (OK)
Launcher:	C:\Program Files\Java\jre1.8.0_172\bin\javaw.exe
Launcher args:	java --module-path "C:\Program Files\Java\javafx-sdk-17.0.16\lib" --add-modules javafx.controls,javafx.fxml -jar pos.jar -jar "C:\Users\imade\OneDrive\Documents\pos\out\myapp.exe"
Args length:	179/32768 chars
Exit code:	0


Version:	3.9
CmdLine:	C:\Users\imade\OneDrive\Documents\pos\out\myapp.exe --l4j-debug
WOW64:		yes
Working dir:	C:\Users\imade\OneDrive\Documents\pos\out\.
Bundled JRE:	C:\Program Files\Java\jre1.8.0_172
Check launcher:	C:\Program Files\Java\jre1.8.0_172\bin\javaw.exe (OK)
Launcher:	C:\Program Files\Java\jre1.8.0_172\bin\javaw.exe
Launcher args:	java --module-path "C:\Program Files\Java\javafx-sdk-17.0.16\lib" --add-modules javafx.controls,javafx.fxml -jar pos.jar -jar "C:\Users\imade\OneDrive\Documents\pos\out\myapp.exe"
Args length:	179/32768 chars
Exit code:	0


Version:	3.9
CmdLine:	C:\Users\imade\OneDrive\Documents\pos\out\myapp.exe --l4j-debug
WOW64:		yes
Working dir:	C:\Users\imade\OneDrive\Documents\pos\out\.
Bundled JRE:	C:\Program Files\Java\jre1.8.0_172
Check launcher:	C:\Program Files\Java\jre1.8.0_172\bin\javaw.exe (OK)
Launcher:	C:\Program Files\Java\jre1.8.0_172\bin\javaw.exe
Launcher args:	--module-path "C:\Program Files\Java\javafx-sdk-17.0.16\lib" --add-modules javafx.controls,javafx.fxml -jar "C:\Users\imade\OneDrive\Documents\pos\out\myapp.exe"
Args length:	161/32768 chars
Exit code:	0


Version:	3.9
CmdLine:	C:\Users\imade\OneDrive\Documents\pos\out\myapp.exe --l4j-debug
WOW64:		yes
Working dir:	C:\Users\imade\OneDrive\Documents\pos\out\.
Bundled JRE:	C:\Program Files\Java\jre1.8.0_172
Check launcher:	C:\Program Files\Java\jre1.8.0_172\bin\javaw.exe (OK)
Launcher:	C:\Program Files\Java\jre1.8.0_172\bin\javaw.exe
Launcher args:	--module-path "C:\Program Files\Java\javafx-sdk-17.0.16\lib" --add-modules javafx.controls,javafx.fxml -jar "C:\Users\imade\OneDrive\Documents\pos\out\myapp.exe"
Args length:	161/32768 chars
Exit code:	0
